[debug] [2025-05-02T15:31:51.168Z] [Firebase Plugin] Activating Firebase extension.
[info] [Firebase Plugin] Checked firebase-tools, is up to date!
[debug] [2025-05-02T15:31:58.454Z] [Firebase Plugin] requireAuthWrapper
[debug] [2025-05-02T15:31:58.458Z] > command requires scopes: ["email","openid","https://www.googleapis.com/auth/cloudplatformprojects.readonly","https://www.googleapis.com/auth/firebase","https://www.googleapis.com/auth/cloud-platform"]
[debug] [2025-05-02T15:31:58.459Z] > authorizing via signed-in user (mauricionazario33@gmail.com)
[debug] [2025-05-02T15:31:58.463Z] Checked if tokens are valid: false, expires at: 1746200549073
[debug] [2025-05-02T15:31:58.463Z] Checked if tokens are valid: false, expires at: 1746200549073
[debug] [2025-05-02T15:31:58.464Z] > refreshing access token with scopes: []
[debug] [2025-05-02T15:31:58.466Z] >>> [apiv2][query] POST https://www.googleapis.com/oauth2/v3/token [none]
[debug] [2025-05-02T15:31:58.466Z] >>> [apiv2][body] POST https://www.googleapis.com/oauth2/v3/token [omitted]
[debug] [2025-05-02T15:31:58.480Z] [Firebase Plugin] VSCode notification server listening on port 40001
[info] [Firebase Plugin] Starting Data Connect toolkit (version 2.3.1) on port 50001
[info] i  dataconnect: downloading dataconnect-emulator-2.3.1.exe... {"metadata":{"emulator":{"name":"dataconnect"},"message":"downloading dataconnect-emulator-2.3.1.exe..."}}
[debug] [2025-05-02T15:31:58.828Z] >>> [apiv2][query] GET https://storage.googleapis.com/firemat-preview-drop/emulator/dataconnect-emulator-windows-v2.3.1 
[debug] [2025-05-02T15:31:59.046Z] <<< [apiv2][status] POST https://www.googleapis.com/oauth2/v3/token 200
[debug] [2025-05-02T15:31:59.047Z] <<< [apiv2][body] POST https://www.googleapis.com/oauth2/v3/token [omitted]
[debug] [2025-05-02T15:31:59.076Z] [Firebase Plugin] User found:  mauricionazario33@gmail.com
[info] [Firebase Plugin] (Core:Project) New user detected, fetching projects
[debug] [2025-05-02T15:31:59.077Z] Checked if tokens are valid: true, expires at: 1746203518047
[debug] [2025-05-02T15:31:59.078Z] >>> [apiv2][query] GET https://firebase.googleapis.com/v1beta1/projects pageSize=1000
[debug] [2025-05-02T15:31:59.193Z] <<< [apiv2][status] GET https://storage.googleapis.com/firemat-preview-drop/emulator/dataconnect-emulator-windows-v2.3.1 200
[debug] [2025-05-02T15:31:59.194Z] <<< [apiv2][body] GET https://storage.googleapis.com/firemat-preview-drop/emulator/dataconnect-emulator-windows-v2.3.1 [stream]
[debug] [2025-05-02T15:32:00.928Z] <<< [apiv2][status] GET https://firebase.googleapis.com/v1beta1/projects 200
[debug] [2025-05-02T15:32:00.928Z] <<< [apiv2][body] GET https://firebase.googleapis.com/v1beta1/projects [omitted]
[info] i  dataconnect: Removing outdated emulator files: dataconnect-emulator-2.4.0.exe {"metadata":{"emulator":{"name":"dataconnect"},"message":"Removing outdated emulator files: dataconnect-emulator-2.4.0.exe"}}
[debug] [2025-05-02T15:32:03.179Z] I0502 12:32:03.102760    6908 control.go:73] [/emulator/saudenobairro 5933] UpdateResources(): done
Schema: sources: schema\schema.gql [2088B] 
Connector "default": sources: connector\mutations.gql [1233B] connector\queries.gql [1802B] 
 {"metadata":{"emulator":{"name":"dataconnect"},"message":"I0502 12:32:03.102760    6908 control.go:73] [/emulator/saudenobairro 5933] UpdateResources(): done\nSchema: sources: schema\\schema.gql [2088B] \nConnector \"default\": sources: connector\\mutations.gql [1233B] connector\\queries.gql [1802B] \n"}}
[debug] [2025-05-02T15:32:03.181Z] Ignoring unsupported arg: auto_download {"metadata":{"emulator":{"name":"dataconnect"},"message":"Ignoring unsupported arg: auto_download"}}
[debug] [2025-05-02T15:32:03.181Z] Ignoring unsupported arg: port {"metadata":{"emulator":{"name":"dataconnect"},"message":"Ignoring unsupported arg: port"}}
[debug] [2025-05-02T15:32:03.181Z] Starting Data Connect Emulator with command {"binary":"C:\\Users\\mauri\\.cache\\firebase\\emulators\\dataconnect-emulator-2.3.1.exe","args":["--logtostderr","-v=2","dev","--listen=localhost:50001","--config_dir=c:\\Users\\mauri\\desktop\\projetos\\agendaubs\\saudenobairro\\dataconnect","--enable_output_schema_extensions=true","--enable_output_generated_sdk=true"],"optionalArgs":["listen","config_dir","enable_output_schema_extensions","enable_output_generated_sdk"],"joinArgs":true,"shell":false,"port":9399} {"metadata":{"emulator":{"name":"dataconnect"},"message":"Starting Data Connect Emulator with command {\"binary\":\"C:\\\\Users\\\\mauri\\\\.cache\\\\firebase\\\\emulators\\\\dataconnect-emulator-2.3.1.exe\",\"args\":[\"--logtostderr\",\"-v=2\",\"dev\",\"--listen=localhost:50001\",\"--config_dir=c:\\\\Users\\\\mauri\\\\desktop\\\\projetos\\\\agendaubs\\\\saudenobairro\\\\dataconnect\",\"--enable_output_schema_extensions=true\",\"--enable_output_generated_sdk=true\"],\"optionalArgs\":[\"listen\",\"config_dir\",\"enable_output_schema_extensions\",\"enable_output_generated_sdk\"],\"joinArgs\":true,\"shell\":false,\"port\":9399}"}}
[info] i  dataconnect: Data Connect Emulator logging to dataconnect-debug.log {"metadata":{"emulator":{"name":"dataconnect"},"message":"Data Connect Emulator logging to \u001b[1mdataconnect-debug.log\u001b[22m"}}
[debug] [2025-05-02T15:32:03.263Z] I0502 12:32:03.231604   15316 load.go:37] Reloading schema and connectors...
 {"metadata":{"emulator":{"name":"dataconnect"},"message":"I0502 12:32:03.231604   15316 load.go:37] Reloading schema and connectors...\n"}}
[debug] [2025-05-02T15:32:03.301Z] I0502 12:32:03.301287   15316 control.go:73] [/emulator/saudenobairro 8503] UpdateResources(): done
Schema: sources: schema\schema.gql [2088B] 
Connector "default": sources: connector\mutations.gql [1233B] connector\queries.gql [1802B] 
 {"metadata":{"emulator":{"name":"dataconnect"},"message":"I0502 12:32:03.301287   15316 control.go:73] [/emulator/saudenobairro 8503] UpdateResources(): done\nSchema: sources: schema\\schema.gql [2088B] \nConnector \"default\": sources: connector\\mutations.gql [1233B] connector\\queries.gql [1802B] \n"}}
[debug] [2025-05-02T15:32:03.354Z] I0502 12:32:03.354086   15316 collector.go:107] schema extensions wrote into "c:\\Users\\mauri\\desktop\\projetos\\agendaubs\\saudenobairro\\dataconnect\\.dataconnect\\schema"
Generated sources: prelude.gql [71117B] 
I0502 12:32:03.354086   15316 load.go:115] Finished reloading
 {"metadata":{"emulator":{"name":"dataconnect"},"message":"I0502 12:32:03.354086   15316 collector.go:107] schema extensions wrote into \"c:\\\\Users\\\\mauri\\\\desktop\\\\projetos\\\\agendaubs\\\\saudenobairro\\\\dataconnect\\\\.dataconnect\\\\schema\"\nGenerated sources: prelude.gql [71117B] \nI0502 12:32:03.354086   15316 load.go:115] Finished reloading\n"}}
[debug] [2025-05-02T15:32:03.368Z] I0502 12:32:03.368302   15316 dev.go:95] Listening on address (HTTP + gRPC): 127.0.0.1:50001
 {"metadata":{"emulator":{"name":"dataconnect"},"message":"I0502 12:32:03.368302   15316 dev.go:95] Listening on address (HTTP + gRPC): 127.0.0.1:50001\n"}}
[error] [Firebase Plugin] error:  {}
[debug] [2025-05-02T16:05:53.069Z] [Firebase Plugin] Received emulators shutdown notification.
[info] [Firebase Plugin] Stopping Data Connect toolkit
[warn] !  Data Connect Emulator has exited upon receiving signal: SIGKILL 
[debug] [2025-05-02T20:52:04.188Z] [Firebase Plugin] Activating Firebase extension.
[info] [Firebase Plugin] Checked firebase-tools, is up to date!
[debug] [2025-05-02T20:52:21.354Z] [Firebase Plugin] requireAuthWrapper
[debug] [2025-05-02T20:52:21.358Z] > command requires scopes: ["email","openid","https://www.googleapis.com/auth/cloudplatformprojects.readonly","https://www.googleapis.com/auth/firebase","https://www.googleapis.com/auth/cloud-platform"]
[debug] [2025-05-02T20:52:21.358Z] > authorizing via signed-in user (mauricionazario33@gmail.com)
[debug] [2025-05-02T20:52:21.362Z] Checked if tokens are valid: false, expires at: 1746203518047
[debug] [2025-05-02T20:52:21.362Z] Checked if tokens are valid: false, expires at: 1746203518047
[debug] [2025-05-02T20:52:21.363Z] > refreshing access token with scopes: []
[debug] [2025-05-02T20:52:21.365Z] >>> [apiv2][query] POST https://www.googleapis.com/oauth2/v3/token [none]
[debug] [2025-05-02T20:52:21.365Z] >>> [apiv2][body] POST https://www.googleapis.com/oauth2/v3/token [omitted]
[debug] [2025-05-02T20:52:21.378Z] [Firebase Plugin] VSCode notification server listening on port 40001
[info] [Firebase Plugin] Starting Data Connect toolkit (version 2.3.1) on port 50001
[debug] [2025-05-02T20:52:21.939Z] <<< [apiv2][status] POST https://www.googleapis.com/oauth2/v3/token 200
[debug] [2025-05-02T20:52:21.940Z] <<< [apiv2][body] POST https://www.googleapis.com/oauth2/v3/token [omitted]
[debug] [2025-05-02T20:52:21.969Z] [Firebase Plugin] User found:  mauricionazario33@gmail.com
[info] [Firebase Plugin] (Core:Project) New user detected, fetching projects
[debug] [2025-05-02T20:52:21.970Z] Checked if tokens are valid: true, expires at: 1746222740940
[debug] [2025-05-02T20:52:21.971Z] >>> [apiv2][query] GET https://firebase.googleapis.com/v1beta1/projects pageSize=1000
[debug] [2025-05-02T20:52:22.420Z] I0502 17:52:22.353688    4028 control.go:73] [/emulator/saudenobairro 55b1] UpdateResources(): done
Schema: sources: schema\schema.gql [2088B] 
Connector "default": sources: connector\mutations.gql [1233B] connector\queries.gql [1802B] 
 {"metadata":{"emulator":{"name":"dataconnect"},"message":"I0502 17:52:22.353688    4028 control.go:73] [/emulator/saudenobairro 55b1] UpdateResources(): done\nSchema: sources: schema\\schema.gql [2088B] \nConnector \"default\": sources: connector\\mutations.gql [1233B] connector\\queries.gql [1802B] \n"}}
[debug] [2025-05-02T20:52:22.422Z] Ignoring unsupported arg: auto_download {"metadata":{"emulator":{"name":"dataconnect"},"message":"Ignoring unsupported arg: auto_download"}}
[debug] [2025-05-02T20:52:22.423Z] Ignoring unsupported arg: port {"metadata":{"emulator":{"name":"dataconnect"},"message":"Ignoring unsupported arg: port"}}
[debug] [2025-05-02T20:52:22.423Z] Starting Data Connect Emulator with command {"binary":"C:\\Users\\mauri\\.cache\\firebase\\emulators\\dataconnect-emulator-2.3.1.exe","args":["--logtostderr","-v=2","dev","--listen=localhost:50001","--config_dir=c:\\Users\\mauri\\desktop\\projetos\\agendaubs\\saudenobairro\\dataconnect","--enable_output_schema_extensions=true","--enable_output_generated_sdk=true"],"optionalArgs":["listen","config_dir","enable_output_schema_extensions","enable_output_generated_sdk"],"joinArgs":true,"shell":false,"port":9399} {"metadata":{"emulator":{"name":"dataconnect"},"message":"Starting Data Connect Emulator with command {\"binary\":\"C:\\\\Users\\\\mauri\\\\.cache\\\\firebase\\\\emulators\\\\dataconnect-emulator-2.3.1.exe\",\"args\":[\"--logtostderr\",\"-v=2\",\"dev\",\"--listen=localhost:50001\",\"--config_dir=c:\\\\Users\\\\mauri\\\\desktop\\\\projetos\\\\agendaubs\\\\saudenobairro\\\\dataconnect\",\"--enable_output_schema_extensions=true\",\"--enable_output_generated_sdk=true\"],\"optionalArgs\":[\"listen\",\"config_dir\",\"enable_output_schema_extensions\",\"enable_output_generated_sdk\"],\"joinArgs\":true,\"shell\":false,\"port\":9399}"}}
[info] i  dataconnect: Data Connect Emulator logging to dataconnect-debug.log {"metadata":{"emulator":{"name":"dataconnect"},"message":"Data Connect Emulator logging to \u001b[1mdataconnect-debug.log\u001b[22m"}}
[debug] [2025-05-02T20:52:22.524Z] I0502 17:52:22.480977   11952 load.go:37] Reloading schema and connectors...
 {"metadata":{"emulator":{"name":"dataconnect"},"message":"I0502 17:52:22.480977   11952 load.go:37] Reloading schema and connectors...\n"}}
[debug] [2025-05-02T20:52:22.573Z] I0502 17:52:22.572610   11952 control.go:73] [/emulator/saudenobairro 1c16] UpdateResources(): done
Schema: sources: schema\schema.gql [2088B] 
Connector "default": sources: connector\queries.gql [1802B] connector\mutations.gql [1233B] 
 {"metadata":{"emulator":{"name":"dataconnect"},"message":"I0502 17:52:22.572610   11952 control.go:73] [/emulator/saudenobairro 1c16] UpdateResources(): done\nSchema: sources: schema\\schema.gql [2088B] \nConnector \"default\": sources: connector\\queries.gql [1802B] connector\\mutations.gql [1233B] \n"}}
[debug] [2025-05-02T20:52:22.610Z] I0502 17:52:22.610831   11952 collector.go:107] schema extensions wrote into "c:\\Users\\mauri\\desktop\\projetos\\agendaubs\\saudenobairro\\dataconnect\\.dataconnect\\schema"
Generated sources: prelude.gql [71117B] 
I0502 17:52:22.610831   11952 load.go:115] Finished reloading
 {"metadata":{"emulator":{"name":"dataconnect"},"message":"I0502 17:52:22.610831   11952 collector.go:107] schema extensions wrote into \"c:\\\\Users\\\\mauri\\\\desktop\\\\projetos\\\\agendaubs\\\\saudenobairro\\\\dataconnect\\\\.dataconnect\\\\schema\"\nGenerated sources: prelude.gql [71117B] \nI0502 17:52:22.610831   11952 load.go:115] Finished reloading\n"}}
[debug] [2025-05-02T20:52:22.621Z] I0502 17:52:22.621744   11952 dev.go:95] Listening on address (HTTP + gRPC): 127.0.0.1:50001
 {"metadata":{"emulator":{"name":"dataconnect"},"message":"I0502 17:52:22.621744   11952 dev.go:95] Listening on address (HTTP + gRPC): 127.0.0.1:50001\n"}}
[error] [Firebase Plugin] error:  {}
[debug] [2025-05-02T20:52:23.088Z] <<< [apiv2][status] GET https://firebase.googleapis.com/v1beta1/projects 200
[debug] [2025-05-02T20:52:23.089Z] <<< [apiv2][body] GET https://firebase.googleapis.com/v1beta1/projects [omitted]
[info] [Firebase Plugin] Stopping Data Connect toolkit
[warn] !  Data Connect Emulator has exited upon receiving signal: SIGKILL 
[debug] [2025-05-03T01:24:36.512Z] [Firebase Plugin] Activating Firebase extension.
[info] [Firebase Plugin] Checked firebase-tools, is up to date!
[debug] [2025-05-03T01:24:48.988Z] [Firebase Plugin] requireAuthWrapper
[debug] [2025-05-03T01:24:48.992Z] > command requires scopes: ["email","openid","https://www.googleapis.com/auth/cloudplatformprojects.readonly","https://www.googleapis.com/auth/firebase","https://www.googleapis.com/auth/cloud-platform"]
[debug] [2025-05-03T01:24:48.992Z] > authorizing via signed-in user (mauricionazario33@gmail.com)
[debug] [2025-05-03T01:24:48.998Z] Checked if tokens are valid: false, expires at: 1746222740940
[debug] [2025-05-03T01:24:48.999Z] Checked if tokens are valid: false, expires at: 1746222740940
[debug] [2025-05-03T01:24:48.999Z] > refreshing access token with scopes: []
[debug] [2025-05-03T01:24:49.002Z] >>> [apiv2][query] POST https://www.googleapis.com/oauth2/v3/token [none]
[debug] [2025-05-03T01:24:49.003Z] >>> [apiv2][body] POST https://www.googleapis.com/oauth2/v3/token [omitted]
[debug] [2025-05-03T01:24:49.017Z] [Firebase Plugin] VSCode notification server listening on port 40001
[info] [Firebase Plugin] Starting Data Connect toolkit (version 2.3.1) on port 50001
[debug] [2025-05-03T01:24:50.414Z] I0502 22:24:50.341504   16068 control.go:73] [/emulator/saudenobairro f5cb] UpdateResources(): done
Schema: sources: schema\schema.gql [2088B] 
Connector "default": sources: connector\mutations.gql [1233B] connector\queries.gql [1802B] 
 {"metadata":{"emulator":{"name":"dataconnect"},"message":"I0502 22:24:50.341504   16068 control.go:73] [/emulator/saudenobairro f5cb] UpdateResources(): done\nSchema: sources: schema\\schema.gql [2088B] \nConnector \"default\": sources: connector\\mutations.gql [1233B] connector\\queries.gql [1802B] \n"}}
[debug] [2025-05-03T01:24:50.415Z] Ignoring unsupported arg: auto_download {"metadata":{"emulator":{"name":"dataconnect"},"message":"Ignoring unsupported arg: auto_download"}}
[debug] [2025-05-03T01:24:50.415Z] Ignoring unsupported arg: port {"metadata":{"emulator":{"name":"dataconnect"},"message":"Ignoring unsupported arg: port"}}
[debug] [2025-05-03T01:24:50.416Z] Starting Data Connect Emulator with command {"binary":"C:\\Users\\mauri\\.cache\\firebase\\emulators\\dataconnect-emulator-2.3.1.exe","args":["--logtostderr","-v=2","dev","--listen=localhost:50001","--config_dir=c:\\Users\\mauri\\desktop\\projetos\\agendaubs\\saudenobairro\\dataconnect","--enable_output_schema_extensions=true","--enable_output_generated_sdk=true"],"optionalArgs":["listen","config_dir","enable_output_schema_extensions","enable_output_generated_sdk"],"joinArgs":true,"shell":false,"port":9399} {"metadata":{"emulator":{"name":"dataconnect"},"message":"Starting Data Connect Emulator with command {\"binary\":\"C:\\\\Users\\\\mauri\\\\.cache\\\\firebase\\\\emulators\\\\dataconnect-emulator-2.3.1.exe\",\"args\":[\"--logtostderr\",\"-v=2\",\"dev\",\"--listen=localhost:50001\",\"--config_dir=c:\\\\Users\\\\mauri\\\\desktop\\\\projetos\\\\agendaubs\\\\saudenobairro\\\\dataconnect\",\"--enable_output_schema_extensions=true\",\"--enable_output_generated_sdk=true\"],\"optionalArgs\":[\"listen\",\"config_dir\",\"enable_output_schema_extensions\",\"enable_output_generated_sdk\"],\"joinArgs\":true,\"shell\":false,\"port\":9399}"}}
[info] i  dataconnect: Data Connect Emulator logging to dataconnect-debug.log {"metadata":{"emulator":{"name":"dataconnect"},"message":"Data Connect Emulator logging to \u001b[1mdataconnect-debug.log\u001b[22m"}}
[debug] [2025-05-03T01:24:50.533Z] I0502 22:24:50.470290   21324 load.go:37] Reloading schema and connectors...
 {"metadata":{"emulator":{"name":"dataconnect"},"message":"I0502 22:24:50.470290   21324 load.go:37] Reloading schema and connectors...\n"}}
[debug] [2025-05-03T01:24:50.607Z] I0502 22:24:50.589582   21324 control.go:73] [/emulator/saudenobairro cd0e] UpdateResources(): done
Schema: sources: schema\schema.gql [2088B] 
Connector "default": sources: connector\queries.gql [1802B] connector\mutations.gql [1233B] 
 {"metadata":{"emulator":{"name":"dataconnect"},"message":"I0502 22:24:50.589582   21324 control.go:73] [/emulator/saudenobairro cd0e] UpdateResources(): done\nSchema: sources: schema\\schema.gql [2088B] \nConnector \"default\": sources: connector\\queries.gql [1802B] connector\\mutations.gql [1233B] \n"}}
[debug] [2025-05-03T01:24:50.620Z] <<< [apiv2][status] POST https://www.googleapis.com/oauth2/v3/token 200
[debug] [2025-05-03T01:24:50.620Z] <<< [apiv2][body] POST https://www.googleapis.com/oauth2/v3/token [omitted]
[debug] [2025-05-03T01:24:50.663Z] [Firebase Plugin] User found:  mauricionazario33@gmail.com
[info] [Firebase Plugin] (Core:Project) New user detected, fetching projects
[debug] [2025-05-03T01:24:50.665Z] Checked if tokens are valid: true, expires at: 1746239089621
[debug] [2025-05-03T01:24:50.666Z] >>> [apiv2][query] GET https://firebase.googleapis.com/v1beta1/projects pageSize=1000
[debug] [2025-05-03T01:24:50.721Z] I0502 22:24:50.686526   21324 collector.go:107] schema extensions wrote into "c:\\Users\\mauri\\desktop\\projetos\\agendaubs\\saudenobairro\\dataconnect\\.dataconnect\\schema"
Generated sources: prelude.gql [71117B] 
I0502 22:24:50.686526   21324 load.go:115] Finished reloading
I0502 22:24:50.703517   21324 dev.go:95] Listening on address (HTTP + gRPC): 127.0.0.1:50001
 {"metadata":{"emulator":{"name":"dataconnect"},"message":"I0502 22:24:50.686526   21324 collector.go:107] schema extensions wrote into \"c:\\\\Users\\\\mauri\\\\desktop\\\\projetos\\\\agendaubs\\\\saudenobairro\\\\dataconnect\\\\.dataconnect\\\\schema\"\nGenerated sources: prelude.gql [71117B] \nI0502 22:24:50.686526   21324 load.go:115] Finished reloading\nI0502 22:24:50.703517   21324 dev.go:95] Listening on address (HTTP + gRPC): 127.0.0.1:50001\n"}}
[error] [Firebase Plugin] error:  {}
[debug] [2025-05-03T01:24:51.486Z] <<< [apiv2][status] GET https://firebase.googleapis.com/v1beta1/projects 200
[debug] [2025-05-03T01:24:51.487Z] <<< [apiv2][body] GET https://firebase.googleapis.com/v1beta1/projects [omitted]
[info] [Firebase Plugin] Stopping Data Connect toolkit
[debug] [2025-05-03T12:51:11.194Z] [Firebase Plugin] Activating Firebase extension.
[info] [Firebase Plugin] Checked firebase-tools, is up to date!
[debug] [2025-05-03T12:51:28.039Z] [Firebase Plugin] requireAuthWrapper
[debug] [2025-05-03T12:51:28.043Z] > command requires scopes: ["email","openid","https://www.googleapis.com/auth/cloudplatformprojects.readonly","https://www.googleapis.com/auth/firebase","https://www.googleapis.com/auth/cloud-platform"]
[debug] [2025-05-03T12:51:28.043Z] > authorizing via signed-in user (mauricionazario33@gmail.com)
[debug] [2025-05-03T12:51:28.047Z] Checked if tokens are valid: false, expires at: 1746239089621
[debug] [2025-05-03T12:51:28.048Z] Checked if tokens are valid: false, expires at: 1746239089621
[debug] [2025-05-03T12:51:28.048Z] > refreshing access token with scopes: []
[debug] [2025-05-03T12:51:28.051Z] >>> [apiv2][query] POST https://www.googleapis.com/oauth2/v3/token [none]
[debug] [2025-05-03T12:51:28.051Z] >>> [apiv2][body] POST https://www.googleapis.com/oauth2/v3/token [omitted]
[debug] [2025-05-03T12:51:28.064Z] [Firebase Plugin] VSCode notification server listening on port 40001
[info] [Firebase Plugin] Starting Data Connect toolkit (version 2.3.1) on port 50001
[debug] [2025-05-03T12:51:29.278Z] I0503 09:51:29.209414    6804 control.go:73] [/emulator/saudenobairro 38b5] UpdateResources(): done
Schema: sources: schema\schema.gql [2088B] 
Connector "default": sources: connector\mutations.gql [1233B] connector\queries.gql [1802B] 
 {"metadata":{"emulator":{"name":"dataconnect"},"message":"I0503 09:51:29.209414    6804 control.go:73] [/emulator/saudenobairro 38b5] UpdateResources(): done\nSchema: sources: schema\\schema.gql [2088B] \nConnector \"default\": sources: connector\\mutations.gql [1233B] connector\\queries.gql [1802B] \n"}}
[debug] [2025-05-03T12:51:29.280Z] Ignoring unsupported arg: auto_download {"metadata":{"emulator":{"name":"dataconnect"},"message":"Ignoring unsupported arg: auto_download"}}
[debug] [2025-05-03T12:51:29.281Z] Ignoring unsupported arg: port {"metadata":{"emulator":{"name":"dataconnect"},"message":"Ignoring unsupported arg: port"}}
[debug] [2025-05-03T12:51:29.281Z] Starting Data Connect Emulator with command {"binary":"C:\\Users\\mauri\\.cache\\firebase\\emulators\\dataconnect-emulator-2.3.1.exe","args":["--logtostderr","-v=2","dev","--listen=localhost:50001","--config_dir=c:\\Users\\mauri\\Desktop\\projetos\\agendaubs\\saudenobairro\\dataconnect","--enable_output_schema_extensions=true","--enable_output_generated_sdk=true"],"optionalArgs":["listen","config_dir","enable_output_schema_extensions","enable_output_generated_sdk"],"joinArgs":true,"shell":false,"port":9399} {"metadata":{"emulator":{"name":"dataconnect"},"message":"Starting Data Connect Emulator with command {\"binary\":\"C:\\\\Users\\\\mauri\\\\.cache\\\\firebase\\\\emulators\\\\dataconnect-emulator-2.3.1.exe\",\"args\":[\"--logtostderr\",\"-v=2\",\"dev\",\"--listen=localhost:50001\",\"--config_dir=c:\\\\Users\\\\mauri\\\\Desktop\\\\projetos\\\\agendaubs\\\\saudenobairro\\\\dataconnect\",\"--enable_output_schema_extensions=true\",\"--enable_output_generated_sdk=true\"],\"optionalArgs\":[\"listen\",\"config_dir\",\"enable_output_schema_extensions\",\"enable_output_generated_sdk\"],\"joinArgs\":true,\"shell\":false,\"port\":9399}"}}
[info] i  dataconnect: Data Connect Emulator logging to dataconnect-debug.log {"metadata":{"emulator":{"name":"dataconnect"},"message":"Data Connect Emulator logging to \u001b[1mdataconnect-debug.log\u001b[22m"}}
[debug] [2025-05-03T12:51:29.377Z] I0503 09:51:29.332204   15416 load.go:37] Reloading schema and connectors...
 {"metadata":{"emulator":{"name":"dataconnect"},"message":"I0503 09:51:29.332204   15416 load.go:37] Reloading schema and connectors...\n"}}
[debug] [2025-05-03T12:51:29.610Z] I0503 09:51:29.418924   15416 control.go:73] [/emulator/saudenobairro bd90] UpdateResources(): done
Schema: sources: schema\schema.gql [2088B] 
Connector "default": sources: connector\mutations.gql [1233B] connector\queries.gql [1802B] 
I0503 09:51:29.513870   15416 collector.go:107] schema extensions wrote into "c:\\Users\\mauri\\Desktop\\projetos\\agendaubs\\saudenobairro\\dataconnect\\.dataconnect\\schema"
Generated sources: prelude.gql [71117B] 
I0503 09:51:29.513870   15416 load.go:115] Finished reloading
I0503 09:51:29.530860   15416 dev.go:95] Listening on address (HTTP + gRPC): 127.0.0.1:50001
 {"metadata":{"emulator":{"name":"dataconnect"},"message":"I0503 09:51:29.418924   15416 control.go:73] [/emulator/saudenobairro bd90] UpdateResources(): done\nSchema: sources: schema\\schema.gql [2088B] \nConnector \"default\": sources: connector\\mutations.gql [1233B] connector\\queries.gql [1802B] \nI0503 09:51:29.513870   15416 collector.go:107] schema extensions wrote into \"c:\\\\Users\\\\mauri\\\\Desktop\\\\projetos\\\\agendaubs\\\\saudenobairro\\\\dataconnect\\\\.dataconnect\\\\schema\"\nGenerated sources: prelude.gql [71117B] \nI0503 09:51:29.513870   15416 load.go:115] Finished reloading\nI0503 09:51:29.530860   15416 dev.go:95] Listening on address (HTTP + gRPC): 127.0.0.1:50001\n"}}
[error] [Firebase Plugin] error:  {}
[debug] [2025-05-03T12:51:29.933Z] <<< [apiv2][status] POST https://www.googleapis.com/oauth2/v3/token 200
[debug] [2025-05-03T12:51:29.933Z] <<< [apiv2][body] POST https://www.googleapis.com/oauth2/v3/token [omitted]
[debug] [2025-05-03T12:51:29.969Z] [Firebase Plugin] User found:  mauricionazario33@gmail.com
[info] [Firebase Plugin] (Core:Project) New user detected, fetching projects
[debug] [2025-05-03T12:51:29.971Z] Checked if tokens are valid: true, expires at: 1746280288934
[debug] [2025-05-03T12:51:29.973Z] >>> [apiv2][query] GET https://firebase.googleapis.com/v1beta1/projects pageSize=1000
[debug] [2025-05-03T12:51:30.577Z] <<< [apiv2][status] GET https://firebase.googleapis.com/v1beta1/projects 200
[debug] [2025-05-03T12:51:30.578Z] <<< [apiv2][body] GET https://firebase.googleapis.com/v1beta1/projects [omitted]
[info] [Firebase Plugin] Stopping Data Connect toolkit
[warn] !  Data Connect Emulator has exited upon receiving signal: SIGKILL 
